<?xml version="1.0" encoding="UTF-8"?>
<testng-results ignored="0" total="1" passed="1" failed="0" skipped="0">
  <reporter-output>
  </reporter-output>
  <suite started-at="2024-01-22T14:47:19 IST" name="Default suite" finished-at="2024-01-22T14:47:22 IST" duration-ms="2140">
    <groups>
    </groups>
    <test started-at="2024-01-22T14:47:19 IST" name="Default test" finished-at="2024-01-22T14:47:22 IST" duration-ms="2140">
      <class name="in.reqres.test.LoggingRequest">
        <test-method signature="Logging_Request()[pri:0, instance:in.reqres.test.LoggingRequest@436813f3]" started-at="2024-01-22T14:47:20 IST" name="Logging_Request" finished-at="2024-01-22T14:47:22 IST" duration-ms="2092" status="PASS">
          <reporter-output>
          </reporter-output>
        </test-method> <!-- Logging_Request -->
      </class> <!-- in.reqres.test.LoggingRequest -->
    </test> <!-- Default test -->
  </suite> <!-- Default suite -->
</testng-results>
